app/build/intermediates/manifest_merge_blame_file/debug/manifest-merger-blame-debug-report.txt
1<?xml version="1.0" encoding="utf-8"?>
2<manifest xmlns:android="http://schemas.android.com/apk/res/android"
3    package="com.mason.bricktracking"
4    android:versionCode="1"
5    android:versionName="1.0.0" >
6
7    <uses-sdk
8        android:minSdkVersion="27"
9        android:targetSdkVersion="34" />
10
11    <!-- Bluetooth Permissions -->
12    <uses-permission
12-->src\main\AndroidManifest.xml:6:5-95
13        android:name="android.permission.BLUETOOTH"
13-->src\main\AndroidManifest.xml:6:22-65
14        android:maxSdkVersion="30" />
14-->src\main\AndroidManifest.xml:6:66-92
15    <uses-permission
15-->src\main\AndroidManifest.xml:7:5-100
16        android:name="android.permission.BLUETOOTH_ADMIN"
16-->src\main\AndroidManifest.xml:7:22-71
17        android:maxSdkVersion="30" />
17-->src\main\AndroidManifest.xml:7:72-98
18    <uses-permission android:name="android.permission.BLUETOOTH_SCAN" />
18-->src\main\AndroidManifest.xml:8:5-73
18-->src\main\AndroidManifest.xml:8:22-70
19    <uses-permission android:name="android.permission.BLUETOOTH_ADVERTISE" />
19-->src\main\AndroidManifest.xml:9:5-78
19-->src\main\AndroidManifest.xml:9:22-75
20    <uses-permission android:name="android.permission.BLUETOOTH_CONNECT" />
20-->src\main\AndroidManifest.xml:10:5-76
20-->src\main\AndroidManifest.xml:10:22-73
21
22    <!-- Location Permissions (required for Bluetooth scanning) -->
23    <uses-permission android:name="android.permission.ACCESS_FINE_LOCATION" />
23-->src\main\AndroidManifest.xml:13:5-79
23-->src\main\AndroidManifest.xml:13:22-76
24    <uses-permission android:name="android.permission.ACCESS_COARSE_LOCATION" />
24-->src\main\AndroidManifest.xml:14:5-81
24-->src\main\AndroidManifest.xml:14:22-78
25
26    <!-- Internet for backend sync -->
27    <uses-permission android:name="android.permission.INTERNET" />
27-->src\main\AndroidManifest.xml:17:5-67
27-->src\main\AndroidManifest.xml:17:22-64
28    <uses-permission android:name="android.permission.ACCESS_NETWORK_STATE" />
28-->src\main\AndroidManifest.xml:18:5-79
28-->src\main\AndroidManifest.xml:18:22-76
29
30    <!-- Storage Permissions -->
31    <uses-permission android:name="android.permission.READ_EXTERNAL_STORAGE" />
31-->src\main\AndroidManifest.xml:21:5-80
31-->src\main\AndroidManifest.xml:21:22-77
32    <uses-permission android:name="android.permission.WRITE_EXTERNAL_STORAGE" />
32-->src\main\AndroidManifest.xml:22:5-81
32-->src\main\AndroidManifest.xml:22:22-78
33
34    <!-- Foreground Service -->
35    <uses-permission android:name="android.permission.FOREGROUND_SERVICE" />
35-->src\main\AndroidManifest.xml:25:5-77
35-->src\main\AndroidManifest.xml:25:22-74
36
37    <!-- Vibration for haptic feedback -->
38    <uses-permission android:name="android.permission.VIBRATE" />
38-->src\main\AndroidManifest.xml:28:5-66
38-->src\main\AndroidManifest.xml:28:22-63
39    <uses-permission android:name="android.permission.CHANGE_WIFI_STATE" />
39-->[DeviceAPI_ver20250209_release.aar] AndroidManifest.xml:13:5-76
39-->[DeviceAPI_ver20250209_release.aar] AndroidManifest.xml:13:22-73
40
41    <permission
41-->[androidx.core:core:1.13.0] AndroidManifest.xml:22:5-24:47
42        android:name="com.mason.bricktracking.DYNAMIC_RECEIVER_NOT_EXPORTED_PERMISSION"
42-->[androidx.core:core:1.13.0] AndroidManifest.xml:23:9-81
43        android:protectionLevel="signature" />
43-->[androidx.core:core:1.13.0] AndroidManifest.xml:24:9-44
44
45    <uses-permission android:name="com.mason.bricktracking.DYNAMIC_RECEIVER_NOT_EXPORTED_PERMISSION" />
45-->[androidx.core:core:1.13.0] AndroidManifest.xml:26:5-97
45-->[androidx.core:core:1.13.0] AndroidManifest.xml:26:22-94
46
47    <application
47-->src\main\AndroidManifest.xml:30:5-77:19
48        android:name="com.mason.bricktracking.MasonApp"
48-->src\main\AndroidManifest.xml:31:9-33
49        android:allowBackup="true"
49-->src\main\AndroidManifest.xml:32:9-35
50        android:appComponentFactory="androidx.core.app.CoreComponentFactory"
50-->[androidx.core:core:1.13.0] AndroidManifest.xml:28:18-86
51        android:debuggable="true"
52        android:extractNativeLibs="false"
53        android:icon="@mipmap/ic_launcher"
53-->src\main\AndroidManifest.xml:33:9-43
54        android:label="@string/app_name"
54-->src\main\AndroidManifest.xml:34:9-41
55        android:requestLegacyExternalStorage="true"
55-->src\main\AndroidManifest.xml:35:9-52
56        android:supportsRtl="true"
56-->src\main\AndroidManifest.xml:36:9-35
57        android:testOnly="true"
58        android:theme="@style/Theme.MasonBrickTracking"
58-->src\main\AndroidManifest.xml:37:9-56
59        android:usesCleartextTraffic="true" >
59-->src\main\AndroidManifest.xml:38:9-44
60
61        <!-- Login Activity -->
62        <activity
62-->src\main\AndroidManifest.xml:41:9-49:20
63            android:name="com.mason.bricktracking.ui.LoginActivity"
63-->src\main\AndroidManifest.xml:42:13-45
64            android:exported="true"
64-->src\main\AndroidManifest.xml:43:13-36
65            android:theme="@style/Theme.MasonBrickTracking.NoActionBar" >
65-->src\main\AndroidManifest.xml:44:13-72
66            <intent-filter>
66-->src\main\AndroidManifest.xml:45:13-48:29
67                <action android:name="android.intent.action.MAIN" />
67-->src\main\AndroidManifest.xml:46:17-69
67-->src\main\AndroidManifest.xml:46:25-66
68
69                <category android:name="android.intent.category.LAUNCHER" />
69-->src\main\AndroidManifest.xml:47:17-77
69-->src\main\AndroidManifest.xml:47:27-74
70            </intent-filter>
71        </activity>
72
73        <!-- Connection Activity -->
74        <activity
74-->src\main\AndroidManifest.xml:52:9-55:56
75            android:name="com.mason.bricktracking.ui.ConnectionActivity"
75-->src\main\AndroidManifest.xml:53:13-50
76            android:exported="false"
76-->src\main\AndroidManifest.xml:54:13-37
77            android:label="@string/connection_title" />
77-->src\main\AndroidManifest.xml:55:13-53
78
79        <!-- Main Tracking Activity -->
80        <activity
80-->src\main\AndroidManifest.xml:58:9-63:70
81            android:name="com.mason.bricktracking.ui.MainActivity"
81-->src\main\AndroidManifest.xml:59:13-44
82            android:configChanges="orientation|screenSize"
82-->src\main\AndroidManifest.xml:61:13-59
83            android:exported="false"
83-->src\main\AndroidManifest.xml:60:13-37
84            android:label="@string/app_name"
84-->src\main\AndroidManifest.xml:62:13-45
85            android:windowSoftInputMode="stateHidden|adjustResize" />
85-->src\main\AndroidManifest.xml:63:13-67
86
87        <!-- Account Settings Activity -->
88        <activity
88-->src\main\AndroidManifest.xml:66:9-69:48
89            android:name="com.mason.bricktracking.ui.AccountActivity"
89-->src\main\AndroidManifest.xml:67:13-47
90            android:exported="false"
90-->src\main\AndroidManifest.xml:68:13-37
91            android:label="Account Settings" />
91-->src\main\AndroidManifest.xml:69:13-45
92
93        <!-- Device List Activity for Bluetooth pairing -->
94        <activity
94-->src\main\AndroidManifest.xml:72:9-75:61
95            android:name="com.mason.bricktracking.ui.DeviceListActivity"
95-->src\main\AndroidManifest.xml:73:13-50
96            android:exported="false"
96-->src\main\AndroidManifest.xml:74:13-37
97            android:theme="@style/Theme.AppCompat.Dialog" />
97-->src\main\AndroidManifest.xml:75:13-58
98
99        <provider
99-->[androidx.emoji2:emoji2:1.3.0] AndroidManifest.xml:24:9-32:20
100            android:name="androidx.startup.InitializationProvider"
100-->[androidx.emoji2:emoji2:1.3.0] AndroidManifest.xml:25:13-67
101            android:authorities="com.mason.bricktracking.androidx-startup"
101-->[androidx.emoji2:emoji2:1.3.0] AndroidManifest.xml:26:13-68
102            android:exported="false" >
102-->[androidx.emoji2:emoji2:1.3.0] AndroidManifest.xml:27:13-37
103            <meta-data
103-->[androidx.emoji2:emoji2:1.3.0] AndroidManifest.xml:29:13-31:52
104                android:name="androidx.emoji2.text.EmojiCompatInitializer"
104-->[androidx.emoji2:emoji2:1.3.0] AndroidManifest.xml:30:17-75
105                android:value="androidx.startup" />
105-->[androidx.emoji2:emoji2:1.3.0] AndroidManifest.xml:31:17-49
106            <meta-data
106-->[androidx.lifecycle:lifecycle-process:2.6.2] AndroidManifest.xml:29:13-31:52
107                android:name="androidx.lifecycle.ProcessLifecycleInitializer"
107-->[androidx.lifecycle:lifecycle-process:2.6.2] AndroidManifest.xml:30:17-78
108                android:value="androidx.startup" />
108-->[androidx.lifecycle:lifecycle-process:2.6.2] AndroidManifest.xml:31:17-49
109            <meta-data
109-->[androidx.profileinstaller:profileinstaller:1.3.1] AndroidManifest.xml:29:13-31:52
110                android:name="androidx.profileinstaller.ProfileInstallerInitializer"
110-->[androidx.profileinstaller:profileinstaller:1.3.1] AndroidManifest.xml:30:17-85
111                android:value="androidx.startup" />
111-->[androidx.profileinstaller:profileinstaller:1.3.1] AndroidManifest.xml:31:17-49
112        </provider>
113
114        <activity
114-->[com.google.android.gms:play-services-base:18.1.0] AndroidManifest.xml:20:9-22:45
115            android:name="com.google.android.gms.common.api.GoogleApiActivity"
115-->[com.google.android.gms:play-services-base:18.1.0] AndroidManifest.xml:20:19-85
116            android:exported="false"
116-->[com.google.android.gms:play-services-base:18.1.0] AndroidManifest.xml:22:19-43
117            android:theme="@android:style/Theme.Translucent.NoTitleBar" />
117-->[com.google.android.gms:play-services-base:18.1.0] AndroidManifest.xml:21:19-78
118
119        <meta-data
119-->[com.google.android.gms:play-services-basement:18.1.0] AndroidManifest.xml:21:9-23:69
120            android:name="com.google.android.gms.version"
120-->[com.google.android.gms:play-services-basement:18.1.0] AndroidManifest.xml:22:13-58
121            android:value="@integer/google_play_services_version" />
121-->[com.google.android.gms:play-services-basement:18.1.0] AndroidManifest.xml:23:13-66
122
123        <service
123-->[androidx.room:room-runtime:2.6.1] AndroidManifest.xml:24:9-28:63
124            android:name="androidx.room.MultiInstanceInvalidationService"
124-->[androidx.room:room-runtime:2.6.1] AndroidManifest.xml:25:13-74
125            android:directBootAware="true"
125-->[androidx.room:room-runtime:2.6.1] AndroidManifest.xml:26:13-43
126            android:exported="false" />
126-->[androidx.room:room-runtime:2.6.1] AndroidManifest.xml:27:13-37
127
128        <receiver
128-->[androidx.profileinstaller:profileinstaller:1.3.1] AndroidManifest.xml:34:9-52:20
129            android:name="androidx.profileinstaller.ProfileInstallReceiver"
129-->[androidx.profileinstaller:profileinstaller:1.3.1] AndroidManifest.xml:35:13-76
130            android:directBootAware="false"
130-->[androidx.profileinstaller:profileinstaller:1.3.1] AndroidManifest.xml:36:13-44
131            android:enabled="true"
131-->[androidx.profileinstaller:profileinstaller:1.3.1] AndroidManifest.xml:37:13-35
132            android:exported="true"
132-->[androidx.profileinstaller:profileinstaller:1.3.1] AndroidManifest.xml:38:13-36
133            android:permission="android.permission.DUMP" >
133-->[androidx.profileinstaller:profileinstaller:1.3.1] AndroidManifest.xml:39:13-57
134            <intent-filter>
134-->[androidx.profileinstaller:profileinstaller:1.3.1] AndroidManifest.xml:40:13-42:29
135                <action android:name="androidx.profileinstaller.action.INSTALL_PROFILE" />
135-->[androidx.profileinstaller:profileinstaller:1.3.1] AndroidManifest.xml:41:17-91
135-->[androidx.profileinstaller:profileinstaller:1.3.1] AndroidManifest.xml:41:25-88
136            </intent-filter>
137            <intent-filter>
137-->[androidx.profileinstaller:profileinstaller:1.3.1] AndroidManifest.xml:43:13-45:29
138                <action android:name="androidx.profileinstaller.action.SKIP_FILE" />
138-->[androidx.profileinstaller:profileinstaller:1.3.1] AndroidManifest.xml:44:17-85
138-->[androidx.profileinstaller:profileinstaller:1.3.1] AndroidManifest.xml:44:25-82
139            </intent-filter>
140            <intent-filter>
140-->[androidx.profileinstaller:profileinstaller:1.3.1] AndroidManifest.xml:46:13-48:29
141                <action android:name="androidx.profileinstaller.action.SAVE_PROFILE" />
141-->[androidx.profileinstaller:profileinstaller:1.3.1] AndroidManifest.xml:47:17-88
141-->[androidx.profileinstaller:profileinstaller:1.3.1] AndroidManifest.xml:47:25-85
142            </intent-filter>
143            <intent-filter>
143-->[androidx.profileinstaller:profileinstaller:1.3.1] AndroidManifest.xml:49:13-51:29
144                <action android:name="androidx.profileinstaller.action.BENCHMARK_OPERATION" />
144-->[androidx.profileinstaller:profileinstaller:1.3.1] AndroidManifest.xml:50:17-95
144-->[androidx.profileinstaller:profileinstaller:1.3.1] AndroidManifest.xml:50:25-92
145            </intent-filter>
146        </receiver>
147    </application>
148
149</manifest>